<?xml version="1.0" encoding="UTF-8"?>
<testng-results ignored="0" total="2" passed="2" failed="0" skipped="0">
  <reporter-output>
  </reporter-output>
  <suite started-at="2022-06-10T17:17:35 MSK" name="SearchPageTest" finished-at="2022-06-10T17:18:02 MSK" duration-ms="26520">
    <groups>
    </groups>
    <test started-at="2022-06-10T17:17:35 MSK" name="Command line test" finished-at="2022-06-10T17:18:02 MSK" duration-ms="26520">
      <class name="SearchPageTest">
        <test-method is-config="true" signature="setUp()[pri:0, instance:SearchPageTest@2357d90a]" started-at="2022-06-10T17:17:35 MSK" name="setUp" finished-at="2022-06-10T17:17:40 MSK" duration-ms="5382" status="PASS">
          <reporter-output>
          </reporter-output>
        </test-method> <!-- setUp -->
        <test-method signature="inStockFilterTest()[pri:0, instance:SearchPageTest@2357d90a]" started-at="2022-06-10T17:17:40 MSK" name="inStockFilterTest" finished-at="2022-06-10T17:17:55 MSK" duration-ms="14056" status="PASS">
          <reporter-output>
          </reporter-output>
        </test-method> <!-- inStockFilterTest -->
        <test-method is-config="true" signature="tearDown()[pri:0, instance:SearchPageTest@2357d90a]" started-at="2022-06-10T17:17:55 MSK" name="tearDown" finished-at="2022-06-10T17:17:55 MSK" duration-ms="1" status="PASS">
          <reporter-output>
          </reporter-output>
        </test-method> <!-- tearDown -->
        <test-method is-config="true" signature="setUp()[pri:0, instance:SearchPageTest@2357d90a]" started-at="2022-06-10T17:17:55 MSK" name="setUp" finished-at="2022-06-10T17:17:58 MSK" duration-ms="3456" status="PASS">
          <reporter-output>
          </reporter-output>
        </test-method> <!-- setUp -->
        <test-method signature="onSaleFilterTest()[pri:0, instance:SearchPageTest@2357d90a]" started-at="2022-06-10T17:17:58 MSK" name="onSaleFilterTest" finished-at="2022-06-10T17:18:02 MSK" duration-ms="3554" status="PASS">
          <reporter-output>
          </reporter-output>
        </test-method> <!-- onSaleFilterTest -->
        <test-method is-config="true" signature="tearDown()[pri:0, instance:SearchPageTest@2357d90a]" started-at="2022-06-10T17:18:02 MSK" name="tearDown" finished-at="2022-06-10T17:18:02 MSK" duration-ms="0" status="PASS">
          <reporter-output>
          </reporter-output>
        </test-method> <!-- tearDown -->
      </class> <!-- SearchPageTest -->
    </test> <!-- Command line test -->
  </suite> <!-- SearchPageTest -->
</testng-results>
